17:39:48: Creating resource group General
17:39:48: Creating resource group Internal
17:39:48: Creating resource group Autodetect
17:39:48: Registering ResourceManager for type Mesh
17:39:48: Registering ResourceManager for type Material
17:39:48: Registering ResourceManager for type Skeleton
17:39:49: XMLMeshSerializer reading mesh data from /Users/dirkfortmeier/xworkspace/macspace/resources/media/Sphere.001.mesh.xml...
17:39:49: Reading submeshes...
17:39:49: Reading geometry...
17:39:49: Geometry done...
17:39:49: Submeshes done.
17:39:49: XMLMeshSerializer import successful.
17:39:49: Reorganising vertex buffers to automatic layout..
17:39:49: MeshSerializer writing mesh data to /Users/dirkfortmeier/xworkspace/macspace/resources/media/Sphere.001.mesh...
17:39:49: File header written.
17:39:49: Writing mesh data...
17:39:49: Writing submesh...
17:39:49: Exporting submesh texture aliases...
17:39:49: Submesh texture aliases exported.
17:39:49: Submesh exported.
17:39:49: Exporting bounds information....
17:39:49: Bounds information exported.
17:39:49: Exporting submesh name table...
17:39:49: Submesh name table exported.
17:39:49: Exporting edge lists...
17:39:49: Edge lists exported
17:39:49: Mesh data exported.
17:39:49: MeshSerializer export successful.
17:39:49: Unregistering ResourceManager for type Skeleton
17:39:49: Unregistering ResourceManager for type Material
17:39:49: Unregistering ResourceManager for type Mesh
